<?xml version="1.0" encoding="UTF-8"?>
<!-- Generated by org.testng.reporters.JUnitReportReporter -->
<testsuite skipped="0" hostname="LAPTOP-PV1L9LI8" name="testng.TestNgtestcases" tests="1" failures="0" timestamp="03 Apr 2023 10:13:07 GMT" time="0.022" errors="0">
  <testcase name="tc1" time="0.022" classname="testng.TestNgtestcases"/>
</testsuite> <!-- testng.TestNgtestcases -->
