<?xml version="1.0" encoding="UTF-8"?>
<!-- Generated by org.testng.reporters.JUnitReportReporter -->
<testsuite skipped="0" hostname="LAPTOP-PV1L9LI8" name="testng.Testcase2" tests="3" failures="0" timestamp="03 Apr 2023 10:19:28 GMT" time="0.018" errors="0">
  <testcase name="testCase2" time="0.001" classname="testng.Testcase2"/>
  <testcase name="testCase1" time="0.016" classname="testng.Testcase2"/>
  <testcase name="testCase3" time="0.001" classname="testng.Testcase2"/>
</testsuite> <!-- testng.Testcase2 -->
